Recipes/app/build/intermediates/manifest_merge_blame_file/debug/manifest-merger-blame-debug-report.txt
1<?xml version="1.0" encoding="utf-8"?>
2<manifest xmlns:android="http://schemas.android.com/apk/res/android"
3    package="com.example.recipes"
4    android:versionCode="1"
5    android:versionName="1.0" >
6
7    <uses-sdk
8        android:minSdkVersion="21"
8-->src\main\AndroidManifest.xml
9        android:targetSdkVersion="30" />
9-->src\main\AndroidManifest.xml
10
11    <uses-permission android:name="android.permission.INTERNET" />
11-->src\main\AndroidManifest.xml:4:5-67
11-->src\main\AndroidManifest.xml:4:22-64
12    <uses-permission android:name="android.permission.REORDER_TASKS" />
12-->[androidx.test:core:1.3.0] AndroidManifest.xml:24:5-72
12-->[androidx.test:core:1.3.0] AndroidManifest.xml:24:22-69
13    <uses-permission android:name="android.permission.WRITE_EXTERNAL_STORAGE" />
14    <uses-permission android:name="android.permission.READ_PHONE_STATE" />
15    <uses-permission android:name="android.permission.READ_EXTERNAL_STORAGE" />
16
17    <application
17-->src\main\AndroidManifest.xml:5:5-22:19
18        android:name="com.example.recipes.BaseApplication"
18-->src\main\AndroidManifest.xml:6:9-40
19        android:allowBackup="true"
19-->src\main\AndroidManifest.xml:7:9-35
20        android:appComponentFactory="androidx.core.app.CoreComponentFactory"
20-->[androidx.core:core:1.5.0-beta01] AndroidManifest.xml:24:18-86
21        android:debuggable="true"
22        android:icon="@mipmap/ic_launcher"
22-->src\main\AndroidManifest.xml:8:9-43
23        android:label="@string/app_name"
23-->src\main\AndroidManifest.xml:9:9-41
24        android:roundIcon="@mipmap/ic_launcher_round"
24-->src\main\AndroidManifest.xml:10:9-54
25        android:supportsRtl="true"
25-->src\main\AndroidManifest.xml:11:9-35
26        android:theme="@style/Theme.Recipes" >
26-->src\main\AndroidManifest.xml:12:9-45
27        <activity
27-->src\main\AndroidManifest.xml:13:9-21:20
28            android:name="com.example.recipes.MainActivity"
28-->src\main\AndroidManifest.xml:14:13-41
29            android:exported="true" >
29-->src\main\AndroidManifest.xml:15:13-36
30            <intent-filter>
30-->src\main\AndroidManifest.xml:16:13-20:29
31                <action android:name="android.intent.action.MAIN" />
31-->src\main\AndroidManifest.xml:17:17-69
31-->src\main\AndroidManifest.xml:17:25-66
32
33                <category android:name="android.intent.category.LAUNCHER" />
33-->src\main\AndroidManifest.xml:19:17-77
33-->src\main\AndroidManifest.xml:19:27-74
34            </intent-filter>
35        </activity>
36        <activity
36-->[androidx.ui:ui-tooling:1.0.0-alpha07] AndroidManifest.xml:25:9-27:39
37            android:name="androidx.ui.tooling.preview.PreviewActivity"
37-->[androidx.ui:ui-tooling:1.0.0-alpha07] AndroidManifest.xml:26:13-71
38            android:exported="true" />
38-->[androidx.ui:ui-tooling:1.0.0-alpha07] AndroidManifest.xml:27:13-36
39        <activity
39-->[androidx.test:core:1.3.0] AndroidManifest.xml:27:9-33:20
40            android:name="androidx.test.core.app.InstrumentationActivityInvoker$BootstrapActivity"
40-->[androidx.test:core:1.3.0] AndroidManifest.xml:28:13-99
41            android:theme="@android:style/Theme" >
41-->[androidx.test:core:1.3.0] AndroidManifest.xml:29:13-49
42            <intent-filter>
42-->[androidx.test:core:1.3.0] AndroidManifest.xml:30:13-32:29
43                <action android:name="android.intent.action.MAIN" />
43-->src\main\AndroidManifest.xml:17:17-69
43-->src\main\AndroidManifest.xml:17:25-66
44            </intent-filter>
45        </activity>
46        <activity
46-->[androidx.test:core:1.3.0] AndroidManifest.xml:34:9-40:20
47            android:name="androidx.test.core.app.InstrumentationActivityInvoker$EmptyActivity"
47-->[androidx.test:core:1.3.0] AndroidManifest.xml:35:13-95
48            android:theme="@android:style/Theme" >
48-->[androidx.test:core:1.3.0] AndroidManifest.xml:36:13-49
49            <intent-filter>
49-->[androidx.test:core:1.3.0] AndroidManifest.xml:30:13-32:29
50                <action android:name="android.intent.action.MAIN" />
50-->src\main\AndroidManifest.xml:17:17-69
50-->src\main\AndroidManifest.xml:17:25-66
51            </intent-filter>
52        </activity>
53        <activity
53-->[androidx.test:core:1.3.0] AndroidManifest.xml:41:9-47:20
54            android:name="androidx.test.core.app.InstrumentationActivityInvoker$EmptyFloatingActivity"
54-->[androidx.test:core:1.3.0] AndroidManifest.xml:42:13-103
55            android:theme="@android:style/Theme.Dialog" >
55-->[androidx.test:core:1.3.0] AndroidManifest.xml:43:13-56
56            <intent-filter>
56-->[androidx.test:core:1.3.0] AndroidManifest.xml:30:13-32:29
57                <action android:name="android.intent.action.MAIN" />
57-->src\main\AndroidManifest.xml:17:17-69
57-->src\main\AndroidManifest.xml:17:25-66
58            </intent-filter>
59        </activity>
60    </application>
61
62</manifest>